Thu Jan  9 03:19:02 PM CET 2025: Toggling Hypridle...
Thu Jan  9 03:19:02 PM CET 2025: Hypridle is not running. Starting...
Thu Jan  9 03:19:02 PM CET 2025: Toggling Hypridle...
Thu Jan  9 03:19:02 PM CET 2025: Hypridle is running. Attempting to kill...
Thu Jan  9 03:19:02 PM CET 2025: Hypridle started successfully.
Thu Jan  9 03:19:02 PM CET 2025: Toggle script completed.
Thu Jan  9 03:19:02 PM CET 2025: Hypridle killed successfully.
Thu Jan  9 03:19:02 PM CET 2025: Toggle script completed.
Thu Jan  9 03:19:05 PM CET 2025: Toggling Hypridle...
Thu Jan  9 03:19:05 PM CET 2025: Hypridle is not running. Starting...
Thu Jan  9 03:19:05 PM CET 2025: Hypridle started successfully.
Thu Jan  9 03:19:05 PM CET 2025: Toggle script completed.
Thu Jan  9 03:20:59 PM CET 2025: Toggling Hypridle...
Thu Jan  9 03:20:59 PM CET 2025: Hypridle is running. Attempting to kill...
Thu Jan  9 03:20:59 PM CET 2025: Hypridle killed successfully.
Thu Jan  9 03:20:59 PM CET 2025: Toggle script completed.
Thu Jan  9 03:21:02 PM CET 2025: Toggling Hypridle...
Thu Jan  9 03:21:02 PM CET 2025: Hypridle is not running. Starting...
Thu Jan  9 03:21:03 PM CET 2025: Hypridle started successfully.
Thu Jan  9 03:21:03 PM CET 2025: Toggle script completed.
Thu Jan  9 03:21:12 PM CET 2025: Toggling Hypridle...
Thu Jan  9 03:21:12 PM CET 2025: Hypridle is running. Attempting to kill...
Thu Jan  9 03:21:12 PM CET 2025: Hypridle killed successfully.
Thu Jan  9 03:21:12 PM CET 2025: Toggle script completed.
Thu Jan  9 03:21:40 PM CET 2025: Toggling Hypridle...
Thu Jan  9 03:21:40 PM CET 2025: Hypridle is not running. Starting...
Thu Jan  9 03:21:40 PM CET 2025: Hypridle started successfully.
Thu Jan  9 03:21:40 PM CET 2025: Toggle script completed.
Thu Jan  9 03:26:32 PM CET 2025: Toggling Hypridle...
Thu Jan  9 03:26:32 PM CET 2025: Hypridle is running. Attempting to kill...
Thu Jan  9 03:26:32 PM CET 2025: Hypridle killed successfully.
Thu Jan  9 03:26:32 PM CET 2025: Toggle script completed.
Thu Jan  9 03:26:40 PM CET 2025: Toggling Hypridle...
Thu Jan  9 03:26:40 PM CET 2025: Hypridle is not running. Starting...
Thu Jan  9 03:26:41 PM CET 2025: Hypridle started successfully.
Thu Jan  9 03:26:41 PM CET 2025: Toggle script completed.
Thu Jan  9 03:27:19 PM CET 2025: Toggling Hypridle...
Thu Jan  9 03:27:19 PM CET 2025: Hypridle is running. Attempting to kill...
Thu Jan  9 03:27:19 PM CET 2025: Hypridle killed successfully.
Thu Jan  9 03:27:19 PM CET 2025: Toggle script completed.
Fri Jan 10 11:27:17 AM CET 2025: Toggling Hypridle...
Fri Jan 10 11:27:17 AM CET 2025: Hypridle is not running. Starting...
Fri Jan 10 11:27:18 AM CET 2025: Hypridle started successfully.
Fri Jan 10 11:27:18 AM CET 2025: Toggle script completed.
Fri Jan 10 12:37:15 PM CET 2025: Toggling Hypridle...
Fri Jan 10 12:37:15 PM CET 2025: Hypridle is running. Attempting to kill...
Fri Jan 10 12:37:15 PM CET 2025: Hypridle killed successfully.
Fri Jan 10 12:37:15 PM CET 2025: Toggle script completed.
Sat Jan 11 11:45:26 PM CET 2025: Toggling Hypridle...
Sat Jan 11 11:45:26 PM CET 2025: Hypridle is not running. Starting...
Sat Jan 11 11:45:26 PM CET 2025: Hypridle started successfully.
Sat Jan 11 11:45:26 PM CET 2025: Toggle script completed.
Sun Jan 12 04:46:20 PM CET 2025: Toggling Hypridle...
Sun Jan 12 04:46:20 PM CET 2025: Hypridle is running. Attempting to kill...
Sun Jan 12 04:46:20 PM CET 2025: Hypridle killed successfully.
Sun Jan 12 04:46:20 PM CET 2025: Toggle script completed.
Sun Jan 12 05:02:53 PM CET 2025: Toggling Hypridle...
Sun Jan 12 05:02:53 PM CET 2025: Hypridle is running. Attempting to kill...
Sun Jan 12 05:02:53 PM CET 2025: Hypridle killed successfully.
Sun Jan 12 05:02:53 PM CET 2025: Toggle script completed.
Mon Jan 13 11:17:39 AM CET 2025: Toggling Hypridle...
Mon Jan 13 11:17:39 AM CET 2025: Hypridle is not running. Starting...
Mon Jan 13 11:17:40 AM CET 2025: Hypridle started successfully.
Mon Jan 13 11:17:40 AM CET 2025: Toggle script completed.
Mon Jan 13 03:07:26 PM CET 2025: Toggling Hypridle...
Mon Jan 13 03:07:27 PM CET 2025: Hypridle is running. Attempting to kill...
Mon Jan 13 03:07:27 PM CET 2025: Hypridle killed successfully.
Mon Jan 13 03:07:27 PM CET 2025: Toggle script completed.
Mon Jan 13 09:10:25 PM CET 2025: Toggling Hypridle...
Mon Jan 13 09:10:26 PM CET 2025: Hypridle is not running. Starting...
Mon Jan 13 09:10:26 PM CET 2025: Hypridle started successfully.
Mon Jan 13 09:10:26 PM CET 2025: Toggle script completed.
Mon Jan 13 09:15:46 PM CET 2025: Toggling Hypridle...
Mon Jan 13 09:15:46 PM CET 2025: Hypridle is running. Attempting to kill...
Mon Jan 13 09:15:46 PM CET 2025: Hypridle killed successfully.
Mon Jan 13 09:15:46 PM CET 2025: Toggle script completed.
Mon Jan 13 11:50:47 PM CET 2025: Toggling Hypridle...
Mon Jan 13 11:50:47 PM CET 2025: Hypridle is not running. Starting...
Mon Jan 13 11:50:48 PM CET 2025: Hypridle started successfully.
Mon Jan 13 11:50:48 PM CET 2025: Toggle script completed.
Tue Jan 14 05:52:10 PM CET 2025: Toggling Hypridle...
Tue Jan 14 05:52:10 PM CET 2025: Hypridle is running. Attempting to kill...
Tue Jan 14 05:52:10 PM CET 2025: Hypridle killed successfully.
Tue Jan 14 05:52:10 PM CET 2025: Toggle script completed.
Tue Jan 14 07:37:42 PM CET 2025: Toggling Hypridle...
Tue Jan 14 07:37:42 PM CET 2025: Hypridle is not running. Starting...
Tue Jan 14 07:37:43 PM CET 2025: Hypridle started successfully.
Tue Jan 14 07:37:43 PM CET 2025: Toggle script completed.
Tue Jan 14 07:42:54 PM CET 2025: Toggling Hypridle...
Tue Jan 14 07:42:54 PM CET 2025: Hypridle is running. Attempting to kill...
Tue Jan 14 07:42:54 PM CET 2025: Hypridle killed successfully.
Tue Jan 14 07:42:54 PM CET 2025: Toggle script completed.
Tue Jan 14 08:38:15 PM CET 2025: Toggling Hypridle...
Tue Jan 14 08:38:15 PM CET 2025: Hypridle is not running. Starting...
Tue Jan 14 08:38:15 PM CET 2025: Hypridle started successfully.
Tue Jan 14 08:38:15 PM CET 2025: Toggle script completed.
Tue Jan 14 08:38:20 PM CET 2025: Toggling Hypridle...
Tue Jan 14 08:38:20 PM CET 2025: Hypridle is running. Attempting to kill...
Tue Jan 14 08:38:20 PM CET 2025: Hypridle killed successfully.
Tue Jan 14 08:38:20 PM CET 2025: Toggle script completed.
tor 16 jan 14:47:59 CET 2025: Toggling Hypridle...
tor 16 jan 14:47:59 CET 2025: Hypridle is not running. Starting...
tor 16 jan 14:47:59 CET 2025: Failed to start Hypridle.
tor 16 jan 14:47:59 CET 2025: Toggle script completed.
tor 16 jan 14:48:04 CET 2025: Toggling Hypridle...
tor 16 jan 14:48:04 CET 2025: Hypridle is not running. Starting...
tor 16 jan 14:48:05 CET 2025: Failed to start Hypridle.
tor 16 jan 14:48:05 CET 2025: Toggle script completed.
tor 16 jan 14:48:09 CET 2025: Toggling Hypridle...
tor 16 jan 14:48:09 CET 2025: Hypridle is not running. Starting...
tor 16 jan 14:48:10 CET 2025: Failed to start Hypridle.
tor 16 jan 14:48:10 CET 2025: Toggle script completed.
man  3 feb 16:58:25 CET 2025: Toggling Hypridle...
man  3 feb 16:58:25 CET 2025: Hypridle is not running. Starting...
man  3 feb 16:58:25 CET 2025: Failed to start Hypridle.
man  3 feb 16:58:25 CET 2025: Toggle script completed.
man  3 feb 17:04:09 CET 2025: Toggling Hypridle...
man  3 feb 17:04:09 CET 2025: Hypridle is not running. Starting...
man  3 feb 17:04:10 CET 2025: Failed to start Hypridle.
man  3 feb 17:04:10 CET 2025: Toggle script completed.
man  3 feb 17:05:30 CET 2025: Toggling Hypridle...
man  3 feb 17:05:30 CET 2025: Hypridle is not running. Starting...
man  3 feb 17:05:30 CET 2025: Hypridle started successfully.
man  3 feb 17:05:30 CET 2025: Toggle script completed.
man  3 feb 17:08:03 CET 2025: Toggling Hypridle...
man  3 feb 17:08:04 CET 2025: Hypridle is running. Attempting to kill...
man  3 feb 17:08:04 CET 2025: Hypridle killed successfully.
man  3 feb 17:08:04 CET 2025: Toggle script completed.
man  3 feb 17:08:13 CET 2025: Toggling Hypridle...
man  3 feb 17:08:13 CET 2025: Hypridle is not running. Starting...
man  3 feb 17:08:14 CET 2025: Hypridle started successfully.
man  3 feb 17:08:14 CET 2025: Toggle script completed.
man  3 feb 17:21:20 CET 2025: Toggling Hypridle...
man  3 feb 17:21:20 CET 2025: Hypridle is running. Attempting to kill...
man  3 feb 17:21:20 CET 2025: Hypridle killed successfully.
man  3 feb 17:21:20 CET 2025: Toggle script completed.
man  3 feb 18:30:16 CET 2025: Toggling Hypridle...
man  3 feb 18:30:16 CET 2025: Hypridle is not running. Starting...
man  3 feb 18:30:16 CET 2025: Hypridle started successfully.
man  3 feb 18:30:16 CET 2025: Toggle script completed.
tir  4 feb 15:46:08 CET 2025: Toggling Hypridle...
tir  4 feb 15:46:08 CET 2025: Hypridle is running. Attempting to kill...
tir  4 feb 15:46:08 CET 2025: Hypridle killed successfully.
tir  4 feb 15:46:08 CET 2025: Toggle script completed.
tir  4 feb 15:46:10 CET 2025: Toggling Hypridle...
tir  4 feb 15:46:10 CET 2025: Hypridle is not running. Starting...
tir  4 feb 15:46:11 CET 2025: Hypridle started successfully.
tir  4 feb 15:46:11 CET 2025: Toggle script completed.
tir  4 feb 16:15:47 CET 2025: Toggling Hypridle...
tir  4 feb 16:15:47 CET 2025: Hypridle is running. Attempting to kill...
tir  4 feb 16:15:47 CET 2025: Hypridle killed successfully.
tir  4 feb 16:15:47 CET 2025: Toggle script completed.
tir  4 feb 16:15:51 CET 2025: Toggling Hypridle...
tir  4 feb 16:15:51 CET 2025: Hypridle is not running. Starting...
tir  4 feb 16:15:52 CET 2025: Hypridle started successfully.
tir  4 feb 16:15:52 CET 2025: Toggle script completed.
tir  4 feb 17:19:32 CET 2025: Toggling Hypridle...
tir  4 feb 17:19:33 CET 2025: Hypridle is running. Attempting to kill...
tir  4 feb 17:19:33 CET 2025: Hypridle killed successfully.
tir  4 feb 17:19:33 CET 2025: Toggle script completed.
ons  5 feb 13:28:56 CET 2025: Toggling Hypridle...
ons  5 feb 13:28:56 CET 2025: Hypridle is running. Attempting to kill...
ons  5 feb 13:28:56 CET 2025: Hypridle killed successfully.
ons  5 feb 13:28:56 CET 2025: Toggle script completed.
ons  5 feb 13:28:58 CET 2025: Toggling Hypridle...
ons  5 feb 13:28:59 CET 2025: Hypridle is not running. Starting...
ons  5 feb 13:28:59 CET 2025: Hypridle started successfully.
ons  5 feb 13:28:59 CET 2025: Toggle script completed.
ons  5 feb 15:50:12 CET 2025: Toggling Hypridle...
ons  5 feb 15:50:12 CET 2025: Hypridle is running. Attempting to kill...
ons  5 feb 15:50:13 CET 2025: Hypridle killed successfully.
ons  5 feb 15:50:13 CET 2025: Toggle script completed.
ons  5 feb 23:22:31 CET 2025: Toggling Hypridle...
ons  5 feb 23:22:31 CET 2025: Hypridle is running. Attempting to kill...
ons  5 feb 23:22:32 CET 2025: Hypridle killed successfully.
ons  5 feb 23:22:32 CET 2025: Toggle script completed.
tor  6 feb 10:57:37 CET 2025: Toggling Hypridle...
tor  6 feb 10:57:38 CET 2025: Hypridle is not running. Starting...
tor  6 feb 10:57:38 CET 2025: Hypridle started successfully.
tor  6 feb 10:57:38 CET 2025: Toggle script completed.
ons 12 feb 13:02:46 CET 2025: Toggling Hypridle...
ons 12 feb 13:02:46 CET 2025: Hypridle is running. Attempting to kill...
ons 12 feb 13:02:46 CET 2025: Hypridle killed successfully.
ons 12 feb 13:02:46 CET 2025: Toggle script completed.
fre 14 feb 22:12:09 CET 2025: Toggling Hypridle...
fre 14 feb 22:12:09 CET 2025: Hypridle is running. Attempting to kill...
fre 14 feb 22:12:09 CET 2025: Hypridle killed successfully.
fre 14 feb 22:12:09 CET 2025: Toggle script completed.
tir 18 feb 10:57:10 CET 2025: Toggling Hypridle...
tir 18 feb 10:57:10 CET 2025: Hypridle is running. Attempting to kill...
tir 18 feb 10:57:10 CET 2025: Hypridle killed successfully.
tir 18 feb 10:57:10 CET 2025: Toggle script completed.
tir 18 feb 13:33:17 CET 2025: Toggling Hypridle...
tir 18 feb 13:33:17 CET 2025: Hypridle is running. Attempting to kill...
tir 18 feb 13:33:17 CET 2025: Hypridle killed successfully.
tir 18 feb 13:33:17 CET 2025: Toggle script completed.
tir 18 feb 15:14:17 CET 2025: Toggling Hypridle...
tir 18 feb 15:14:17 CET 2025: Hypridle is not running. Starting...
tir 18 feb 15:14:17 CET 2025: Hypridle started successfully.
tir 18 feb 15:14:17 CET 2025: Toggle script completed.
tir 18 feb 15:14:31 CET 2025: Toggling Hypridle...
tir 18 feb 15:14:31 CET 2025: Hypridle is running. Attempting to kill...
tir 18 feb 15:14:31 CET 2025: Hypridle killed successfully.
tir 18 feb 15:14:31 CET 2025: Toggle script completed.
ons 19 feb 12:21:22 CET 2025: Toggling Hypridle...
ons 19 feb 12:21:22 CET 2025: Hypridle is not running. Starting...
ons 19 feb 12:21:23 CET 2025: Hypridle started successfully.
ons 19 feb 12:21:23 CET 2025: Toggle script completed.
ons 19 feb 12:31:29 CET 2025: Toggling Hypridle...
ons 19 feb 12:31:29 CET 2025: Hypridle is running. Attempting to kill...
ons 19 feb 12:31:29 CET 2025: Hypridle killed successfully.
ons 19 feb 12:31:29 CET 2025: Toggle script completed.
tor 20 feb 13:52:32 CET 2025: Toggling Hypridle...
tor 20 feb 13:52:32 CET 2025: Hypridle is running. Attempting to kill...
tor 20 feb 13:52:32 CET 2025: Hypridle killed successfully.
tor 20 feb 13:52:32 CET 2025: Toggle script completed.
tor 20 feb 13:56:26 CET 2025: Toggling Hypridle...
tor 20 feb 13:56:26 CET 2025: Hypridle is not running. Starting...
tor 20 feb 13:56:27 CET 2025: Hypridle started successfully.
tor 20 feb 13:56:27 CET 2025: Toggle script completed.
tor 27 feb 14:29:14 CET 2025: Toggling Hypridle...
tor 27 feb 14:29:14 CET 2025: Hypridle is running. Attempting to kill...
tor 27 feb 14:29:14 CET 2025: Hypridle killed successfully.
tor 27 feb 14:29:14 CET 2025: Toggle script completed.
lør  1 mar 23:53:02 CET 2025: Toggling Hypridle...
lør  1 mar 23:53:02 CET 2025: Hypridle is running. Attempting to kill...
lør  1 mar 23:53:02 CET 2025: Hypridle killed successfully.
lør  1 mar 23:53:02 CET 2025: Toggle script completed.
lør  1 mar 23:53:03 CET 2025: Toggling Hypridle...
lør  1 mar 23:53:03 CET 2025: Hypridle is not running. Starting...
lør  1 mar 23:53:04 CET 2025: Hypridle started successfully.
lør  1 mar 23:53:04 CET 2025: Toggle script completed.
lør  1 mar 23:53:05 CET 2025: Toggling Hypridle...
lør  1 mar 23:53:05 CET 2025: Hypridle is running. Attempting to kill...
lør  1 mar 23:53:05 CET 2025: Hypridle killed successfully.
lør  1 mar 23:53:05 CET 2025: Toggle script completed.
lør  1 mar 23:53:32 CET 2025: Toggling Hypridle...
lør  1 mar 23:53:32 CET 2025: Hypridle is not running. Starting...
lør  1 mar 23:53:33 CET 2025: Hypridle started successfully.
lør  1 mar 23:53:33 CET 2025: Toggle script completed.
man  3 mar 15:27:29 CET 2025: Toggling Hypridle...
man  3 mar 15:27:29 CET 2025: Hypridle is running. Attempting to kill...
man  3 mar 15:27:29 CET 2025: Hypridle killed successfully.
man  3 mar 15:27:29 CET 2025: Toggle script completed.
tir  4 mar 10:53:56 CET 2025: Toggling Hypridle...
tir  4 mar 10:53:56 CET 2025: Hypridle is running. Attempting to kill...
tir  4 mar 10:53:56 CET 2025: Hypridle killed successfully.
tir  4 mar 10:53:56 CET 2025: Toggle script completed.
tir  4 mar 12:00:56 CET 2025: Toggling Hypridle...
tir  4 mar 12:00:56 CET 2025: Hypridle is not running. Starting...
tir  4 mar 12:00:57 CET 2025: Hypridle started successfully.
tir  4 mar 12:00:57 CET 2025: Toggle script completed.
tir  4 mar 12:55:16 CET 2025: Toggling Hypridle...
tir  4 mar 12:55:16 CET 2025: Hypridle is running. Attempting to kill...
tir  4 mar 12:55:16 CET 2025: Hypridle killed successfully.
tir  4 mar 12:55:16 CET 2025: Toggle script completed.
tir  4 mar 15:52:23 CET 2025: Toggling Hypridle...
tir  4 mar 15:52:23 CET 2025: Hypridle is running. Attempting to kill...
tir  4 mar 15:52:24 CET 2025: Hypridle killed successfully.
tir  4 mar 15:52:24 CET 2025: Toggle script completed.
tir  4 mar 18:51:52 CET 2025: Toggling Hypridle...
tir  4 mar 18:51:52 CET 2025: Hypridle is running. Attempting to kill...
tir  4 mar 18:51:52 CET 2025: Hypridle killed successfully.
tir  4 mar 18:51:52 CET 2025: Toggle script completed.
tir  4 mar 19:31:18 CET 2025: Toggling Hypridle...
tir  4 mar 19:31:18 CET 2025: Hypridle is not running. Starting...
tir  4 mar 19:31:18 CET 2025: Hypridle started successfully.
tir  4 mar 19:31:18 CET 2025: Toggle script completed.
tir  4 mar 19:31:20 CET 2025: Toggling Hypridle...
tir  4 mar 19:31:20 CET 2025: Hypridle is running. Attempting to kill...
tir  4 mar 19:31:20 CET 2025: Hypridle killed successfully.
tir  4 mar 19:31:20 CET 2025: Toggle script completed.
tor 13 mar 12:27:34 CET 2025: Toggling Hypridle...
tor 13 mar 12:27:34 CET 2025: Hypridle is running. Attempting to kill...
tor 13 mar 12:27:34 CET 2025: Hypridle killed successfully.
tor 13 mar 12:27:34 CET 2025: Toggle script completed.
tor 13 mar 22:59:05 CET 2025: Toggling Hypridle...
tor 13 mar 22:59:05 CET 2025: Hypridle is not running. Starting...
tor 13 mar 22:59:05 CET 2025: Hypridle started successfully.
tor 13 mar 22:59:05 CET 2025: Toggle script completed.
man 17 mar 21:22:51 CET 2025: Toggling Hypridle...
man 17 mar 21:22:51 CET 2025: Hypridle is running. Attempting to kill...
man 17 mar 21:22:51 CET 2025: Hypridle killed successfully.
man 17 mar 21:22:51 CET 2025: Toggle script completed.
fre 21 mar 12:35:45 CET 2025: Toggling Hypridle...
fre 21 mar 12:35:45 CET 2025: Hypridle is running. Attempting to kill...
fre 21 mar 12:35:46 CET 2025: Hypridle killed successfully.
fre 21 mar 12:35:46 CET 2025: Toggle script completed.
fre 21 mar 18:34:37 CET 2025: Toggling Hypridle...
fre 21 mar 18:34:37 CET 2025: Hypridle is not running. Starting...
fre 21 mar 18:34:37 CET 2025: Hypridle started successfully.
fre 21 mar 18:34:37 CET 2025: Toggle script completed.
tir 25 mar 13:40:23 CET 2025: Toggling Hypridle...
tir 25 mar 13:40:23 CET 2025: Hypridle is running. Attempting to kill...
tir 25 mar 13:40:23 CET 2025: Hypridle killed successfully.
tir 25 mar 13:40:23 CET 2025: Toggle script completed.
tor 27 mar 11:42:13 CET 2025: Toggling Hypridle...
tor 27 mar 11:42:13 CET 2025: Hypridle is running. Attempting to kill...
tor 27 mar 11:42:13 CET 2025: Hypridle killed successfully.
tor 27 mar 11:42:13 CET 2025: Toggle script completed.
lør 29 mar 14:10:10 CET 2025: Toggling Hypridle...
lør 29 mar 14:10:10 CET 2025: Hypridle is running. Attempting to kill...
lør 29 mar 14:10:10 CET 2025: Hypridle killed successfully.
lør 29 mar 14:10:10 CET 2025: Toggle script completed.
lør 29 mar 15:27:53 CET 2025: Toggling Hypridle...
lør 29 mar 15:27:53 CET 2025: Hypridle is not running. Starting...
lør 29 mar 15:27:53 CET 2025: Hypridle started successfully.
lør 29 mar 15:27:53 CET 2025: Toggle script completed.
ons  2 apr 14:23:38 CEST 2025: Toggling Hypridle...
ons  2 apr 14:23:38 CEST 2025: Hypridle is running. Attempting to kill...
ons  2 apr 14:23:38 CEST 2025: Hypridle killed successfully.
ons  2 apr 14:23:38 CEST 2025: Toggle script completed.
ons  2 apr 15:57:03 CEST 2025: Toggling Hypridle...
ons  2 apr 15:57:03 CEST 2025: Hypridle is running. Attempting to kill...
ons  2 apr 15:57:03 CEST 2025: Hypridle killed successfully.
ons  2 apr 15:57:03 CEST 2025: Toggle script completed.
ons  2 apr 15:57:05 CEST 2025: Toggling Hypridle...
ons  2 apr 15:57:05 CEST 2025: Hypridle is not running. Starting...
ons  2 apr 15:57:06 CEST 2025: Hypridle started successfully.
ons  2 apr 15:57:06 CEST 2025: Toggle script completed.
