Thu Jan  9 03:19:02 PM CET 2025: Toggling Hypridle...
Thu Jan  9 03:19:02 PM CET 2025: Hypridle is not running. Starting...
Thu Jan  9 03:19:02 PM CET 2025: Toggling Hypridle...
Thu Jan  9 03:19:02 PM CET 2025: Hypridle is running. Attempting to kill...
Thu Jan  9 03:19:02 PM CET 2025: Hypridle started successfully.
Thu Jan  9 03:19:02 PM CET 2025: Toggle script completed.
Thu Jan  9 03:19:02 PM CET 2025: Hypridle killed successfully.
Thu Jan  9 03:19:02 PM CET 2025: Toggle script completed.
Thu Jan  9 03:19:05 PM CET 2025: Toggling Hypridle...
Thu Jan  9 03:19:05 PM CET 2025: Hypridle is not running. Starting...
Thu Jan  9 03:19:05 PM CET 2025: Hypridle started successfully.
Thu Jan  9 03:19:05 PM CET 2025: Toggle script completed.
Thu Jan  9 03:20:59 PM CET 2025: Toggling Hypridle...
Thu Jan  9 03:20:59 PM CET 2025: Hypridle is running. Attempting to kill...
Thu Jan  9 03:20:59 PM CET 2025: Hypridle killed successfully.
Thu Jan  9 03:20:59 PM CET 2025: Toggle script completed.
Thu Jan  9 03:21:02 PM CET 2025: Toggling Hypridle...
Thu Jan  9 03:21:02 PM CET 2025: Hypridle is not running. Starting...
Thu Jan  9 03:21:03 PM CET 2025: Hypridle started successfully.
Thu Jan  9 03:21:03 PM CET 2025: Toggle script completed.
Thu Jan  9 03:21:12 PM CET 2025: Toggling Hypridle...
Thu Jan  9 03:21:12 PM CET 2025: Hypridle is running. Attempting to kill...
Thu Jan  9 03:21:12 PM CET 2025: Hypridle killed successfully.
Thu Jan  9 03:21:12 PM CET 2025: Toggle script completed.
Thu Jan  9 03:21:40 PM CET 2025: Toggling Hypridle...
Thu Jan  9 03:21:40 PM CET 2025: Hypridle is not running. Starting...
Thu Jan  9 03:21:40 PM CET 2025: Hypridle started successfully.
Thu Jan  9 03:21:40 PM CET 2025: Toggle script completed.
Thu Jan  9 03:26:32 PM CET 2025: Toggling Hypridle...
Thu Jan  9 03:26:32 PM CET 2025: Hypridle is running. Attempting to kill...
Thu Jan  9 03:26:32 PM CET 2025: Hypridle killed successfully.
Thu Jan  9 03:26:32 PM CET 2025: Toggle script completed.
Thu Jan  9 03:26:40 PM CET 2025: Toggling Hypridle...
Thu Jan  9 03:26:40 PM CET 2025: Hypridle is not running. Starting...
Thu Jan  9 03:26:41 PM CET 2025: Hypridle started successfully.
Thu Jan  9 03:26:41 PM CET 2025: Toggle script completed.
Thu Jan  9 03:27:19 PM CET 2025: Toggling Hypridle...
Thu Jan  9 03:27:19 PM CET 2025: Hypridle is running. Attempting to kill...
Thu Jan  9 03:27:19 PM CET 2025: Hypridle killed successfully.
Thu Jan  9 03:27:19 PM CET 2025: Toggle script completed.
Fri Jan 10 11:27:17 AM CET 2025: Toggling Hypridle...
Fri Jan 10 11:27:17 AM CET 2025: Hypridle is not running. Starting...
Fri Jan 10 11:27:18 AM CET 2025: Hypridle started successfully.
Fri Jan 10 11:27:18 AM CET 2025: Toggle script completed.
Fri Jan 10 12:37:15 PM CET 2025: Toggling Hypridle...
Fri Jan 10 12:37:15 PM CET 2025: Hypridle is running. Attempting to kill...
Fri Jan 10 12:37:15 PM CET 2025: Hypridle killed successfully.
Fri Jan 10 12:37:15 PM CET 2025: Toggle script completed.
Sat Jan 11 11:45:26 PM CET 2025: Toggling Hypridle...
Sat Jan 11 11:45:26 PM CET 2025: Hypridle is not running. Starting...
Sat Jan 11 11:45:26 PM CET 2025: Hypridle started successfully.
Sat Jan 11 11:45:26 PM CET 2025: Toggle script completed.
Sun Jan 12 04:46:20 PM CET 2025: Toggling Hypridle...
Sun Jan 12 04:46:20 PM CET 2025: Hypridle is running. Attempting to kill...
Sun Jan 12 04:46:20 PM CET 2025: Hypridle killed successfully.
Sun Jan 12 04:46:20 PM CET 2025: Toggle script completed.
Sun Jan 12 05:02:53 PM CET 2025: Toggling Hypridle...
Sun Jan 12 05:02:53 PM CET 2025: Hypridle is running. Attempting to kill...
Sun Jan 12 05:02:53 PM CET 2025: Hypridle killed successfully.
Sun Jan 12 05:02:53 PM CET 2025: Toggle script completed.
Mon Jan 13 11:17:39 AM CET 2025: Toggling Hypridle...
Mon Jan 13 11:17:39 AM CET 2025: Hypridle is not running. Starting...
Mon Jan 13 11:17:40 AM CET 2025: Hypridle started successfully.
Mon Jan 13 11:17:40 AM CET 2025: Toggle script completed.
Mon Jan 13 03:07:26 PM CET 2025: Toggling Hypridle...
Mon Jan 13 03:07:27 PM CET 2025: Hypridle is running. Attempting to kill...
Mon Jan 13 03:07:27 PM CET 2025: Hypridle killed successfully.
Mon Jan 13 03:07:27 PM CET 2025: Toggle script completed.
Mon Jan 13 09:10:25 PM CET 2025: Toggling Hypridle...
Mon Jan 13 09:10:26 PM CET 2025: Hypridle is not running. Starting...
Mon Jan 13 09:10:26 PM CET 2025: Hypridle started successfully.
Mon Jan 13 09:10:26 PM CET 2025: Toggle script completed.
Mon Jan 13 09:15:46 PM CET 2025: Toggling Hypridle...
Mon Jan 13 09:15:46 PM CET 2025: Hypridle is running. Attempting to kill...
Mon Jan 13 09:15:46 PM CET 2025: Hypridle killed successfully.
Mon Jan 13 09:15:46 PM CET 2025: Toggle script completed.
Mon Jan 13 11:50:47 PM CET 2025: Toggling Hypridle...
Mon Jan 13 11:50:47 PM CET 2025: Hypridle is not running. Starting...
Mon Jan 13 11:50:48 PM CET 2025: Hypridle started successfully.
Mon Jan 13 11:50:48 PM CET 2025: Toggle script completed.
Tue Jan 14 05:52:10 PM CET 2025: Toggling Hypridle...
Tue Jan 14 05:52:10 PM CET 2025: Hypridle is running. Attempting to kill...
Tue Jan 14 05:52:10 PM CET 2025: Hypridle killed successfully.
Tue Jan 14 05:52:10 PM CET 2025: Toggle script completed.
Tue Jan 14 07:37:42 PM CET 2025: Toggling Hypridle...
Tue Jan 14 07:37:42 PM CET 2025: Hypridle is not running. Starting...
Tue Jan 14 07:37:43 PM CET 2025: Hypridle started successfully.
Tue Jan 14 07:37:43 PM CET 2025: Toggle script completed.
Tue Jan 14 07:42:54 PM CET 2025: Toggling Hypridle...
Tue Jan 14 07:42:54 PM CET 2025: Hypridle is running. Attempting to kill...
Tue Jan 14 07:42:54 PM CET 2025: Hypridle killed successfully.
Tue Jan 14 07:42:54 PM CET 2025: Toggle script completed.
Tue Jan 14 08:38:15 PM CET 2025: Toggling Hypridle...
Tue Jan 14 08:38:15 PM CET 2025: Hypridle is not running. Starting...
Tue Jan 14 08:38:15 PM CET 2025: Hypridle started successfully.
Tue Jan 14 08:38:15 PM CET 2025: Toggle script completed.
Tue Jan 14 08:38:20 PM CET 2025: Toggling Hypridle...
Tue Jan 14 08:38:20 PM CET 2025: Hypridle is running. Attempting to kill...
Tue Jan 14 08:38:20 PM CET 2025: Hypridle killed successfully.
Tue Jan 14 08:38:20 PM CET 2025: Toggle script completed.
tor 16 jan 14:47:59 CET 2025: Toggling Hypridle...
tor 16 jan 14:47:59 CET 2025: Hypridle is not running. Starting...
tor 16 jan 14:47:59 CET 2025: Failed to start Hypridle.
tor 16 jan 14:47:59 CET 2025: Toggle script completed.
tor 16 jan 14:48:04 CET 2025: Toggling Hypridle...
tor 16 jan 14:48:04 CET 2025: Hypridle is not running. Starting...
tor 16 jan 14:48:05 CET 2025: Failed to start Hypridle.
tor 16 jan 14:48:05 CET 2025: Toggle script completed.
tor 16 jan 14:48:09 CET 2025: Toggling Hypridle...
tor 16 jan 14:48:09 CET 2025: Hypridle is not running. Starting...
tor 16 jan 14:48:10 CET 2025: Failed to start Hypridle.
tor 16 jan 14:48:10 CET 2025: Toggle script completed.
man  3 feb 16:58:25 CET 2025: Toggling Hypridle...
man  3 feb 16:58:25 CET 2025: Hypridle is not running. Starting...
man  3 feb 16:58:25 CET 2025: Failed to start Hypridle.
man  3 feb 16:58:25 CET 2025: Toggle script completed.
man  3 feb 17:04:09 CET 2025: Toggling Hypridle...
man  3 feb 17:04:09 CET 2025: Hypridle is not running. Starting...
man  3 feb 17:04:10 CET 2025: Failed to start Hypridle.
man  3 feb 17:04:10 CET 2025: Toggle script completed.
man  3 feb 17:05:30 CET 2025: Toggling Hypridle...
man  3 feb 17:05:30 CET 2025: Hypridle is not running. Starting...
man  3 feb 17:05:30 CET 2025: Hypridle started successfully.
man  3 feb 17:05:30 CET 2025: Toggle script completed.
man  3 feb 17:08:03 CET 2025: Toggling Hypridle...
man  3 feb 17:08:04 CET 2025: Hypridle is running. Attempting to kill...
man  3 feb 17:08:04 CET 2025: Hypridle killed successfully.
man  3 feb 17:08:04 CET 2025: Toggle script completed.
man  3 feb 17:08:13 CET 2025: Toggling Hypridle...
man  3 feb 17:08:13 CET 2025: Hypridle is not running. Starting...
man  3 feb 17:08:14 CET 2025: Hypridle started successfully.
man  3 feb 17:08:14 CET 2025: Toggle script completed.
man  3 feb 17:21:20 CET 2025: Toggling Hypridle...
man  3 feb 17:21:20 CET 2025: Hypridle is running. Attempting to kill...
man  3 feb 17:21:20 CET 2025: Hypridle killed successfully.
man  3 feb 17:21:20 CET 2025: Toggle script completed.
man  3 feb 18:30:16 CET 2025: Toggling Hypridle...
man  3 feb 18:30:16 CET 2025: Hypridle is not running. Starting...
man  3 feb 18:30:16 CET 2025: Hypridle started successfully.
man  3 feb 18:30:16 CET 2025: Toggle script completed.
tir  4 feb 15:46:08 CET 2025: Toggling Hypridle...
tir  4 feb 15:46:08 CET 2025: Hypridle is running. Attempting to kill...
tir  4 feb 15:46:08 CET 2025: Hypridle killed successfully.
tir  4 feb 15:46:08 CET 2025: Toggle script completed.
tir  4 feb 15:46:10 CET 2025: Toggling Hypridle...
tir  4 feb 15:46:10 CET 2025: Hypridle is not running. Starting...
tir  4 feb 15:46:11 CET 2025: Hypridle started successfully.
tir  4 feb 15:46:11 CET 2025: Toggle script completed.
tir  4 feb 16:15:47 CET 2025: Toggling Hypridle...
tir  4 feb 16:15:47 CET 2025: Hypridle is running. Attempting to kill...
tir  4 feb 16:15:47 CET 2025: Hypridle killed successfully.
tir  4 feb 16:15:47 CET 2025: Toggle script completed.
tir  4 feb 16:15:51 CET 2025: Toggling Hypridle...
tir  4 feb 16:15:51 CET 2025: Hypridle is not running. Starting...
tir  4 feb 16:15:52 CET 2025: Hypridle started successfully.
tir  4 feb 16:15:52 CET 2025: Toggle script completed.
tir  4 feb 17:19:32 CET 2025: Toggling Hypridle...
tir  4 feb 17:19:33 CET 2025: Hypridle is running. Attempting to kill...
tir  4 feb 17:19:33 CET 2025: Hypridle killed successfully.
tir  4 feb 17:19:33 CET 2025: Toggle script completed.
ons  5 feb 13:28:56 CET 2025: Toggling Hypridle...
ons  5 feb 13:28:56 CET 2025: Hypridle is running. Attempting to kill...
ons  5 feb 13:28:56 CET 2025: Hypridle killed successfully.
ons  5 feb 13:28:56 CET 2025: Toggle script completed.
ons  5 feb 13:28:58 CET 2025: Toggling Hypridle...
ons  5 feb 13:28:59 CET 2025: Hypridle is not running. Starting...
ons  5 feb 13:28:59 CET 2025: Hypridle started successfully.
ons  5 feb 13:28:59 CET 2025: Toggle script completed.
ons  5 feb 15:50:12 CET 2025: Toggling Hypridle...
ons  5 feb 15:50:12 CET 2025: Hypridle is running. Attempting to kill...
ons  5 feb 15:50:13 CET 2025: Hypridle killed successfully.
ons  5 feb 15:50:13 CET 2025: Toggle script completed.
ons  5 feb 23:22:31 CET 2025: Toggling Hypridle...
ons  5 feb 23:22:31 CET 2025: Hypridle is running. Attempting to kill...
ons  5 feb 23:22:32 CET 2025: Hypridle killed successfully.
ons  5 feb 23:22:32 CET 2025: Toggle script completed.
tor  6 feb 10:57:37 CET 2025: Toggling Hypridle...
tor  6 feb 10:57:38 CET 2025: Hypridle is not running. Starting...
tor  6 feb 10:57:38 CET 2025: Hypridle started successfully.
tor  6 feb 10:57:38 CET 2025: Toggle script completed.
ons 12 feb 13:02:46 CET 2025: Toggling Hypridle...
ons 12 feb 13:02:46 CET 2025: Hypridle is running. Attempting to kill...
ons 12 feb 13:02:46 CET 2025: Hypridle killed successfully.
ons 12 feb 13:02:46 CET 2025: Toggle script completed.
fre 14 feb 22:12:09 CET 2025: Toggling Hypridle...
fre 14 feb 22:12:09 CET 2025: Hypridle is running. Attempting to kill...
fre 14 feb 22:12:09 CET 2025: Hypridle killed successfully.
fre 14 feb 22:12:09 CET 2025: Toggle script completed.
tir 18 feb 10:57:10 CET 2025: Toggling Hypridle...
tir 18 feb 10:57:10 CET 2025: Hypridle is running. Attempting to kill...
tir 18 feb 10:57:10 CET 2025: Hypridle killed successfully.
tir 18 feb 10:57:10 CET 2025: Toggle script completed.
tir 18 feb 13:33:17 CET 2025: Toggling Hypridle...
tir 18 feb 13:33:17 CET 2025: Hypridle is running. Attempting to kill...
tir 18 feb 13:33:17 CET 2025: Hypridle killed successfully.
tir 18 feb 13:33:17 CET 2025: Toggle script completed.
tir 18 feb 15:14:17 CET 2025: Toggling Hypridle...
tir 18 feb 15:14:17 CET 2025: Hypridle is not running. Starting...
tir 18 feb 15:14:17 CET 2025: Hypridle started successfully.
tir 18 feb 15:14:17 CET 2025: Toggle script completed.
tir 18 feb 15:14:31 CET 2025: Toggling Hypridle...
tir 18 feb 15:14:31 CET 2025: Hypridle is running. Attempting to kill...
tir 18 feb 15:14:31 CET 2025: Hypridle killed successfully.
tir 18 feb 15:14:31 CET 2025: Toggle script completed.
ons 19 feb 12:21:22 CET 2025: Toggling Hypridle...
ons 19 feb 12:21:22 CET 2025: Hypridle is not running. Starting...
ons 19 feb 12:21:23 CET 2025: Hypridle started successfully.
ons 19 feb 12:21:23 CET 2025: Toggle script completed.
ons 19 feb 12:31:29 CET 2025: Toggling Hypridle...
ons 19 feb 12:31:29 CET 2025: Hypridle is running. Attempting to kill...
ons 19 feb 12:31:29 CET 2025: Hypridle killed successfully.
ons 19 feb 12:31:29 CET 2025: Toggle script completed.
tor 20 feb 13:52:32 CET 2025: Toggling Hypridle...
tor 20 feb 13:52:32 CET 2025: Hypridle is running. Attempting to kill...
tor 20 feb 13:52:32 CET 2025: Hypridle killed successfully.
tor 20 feb 13:52:32 CET 2025: Toggle script completed.
tor 20 feb 13:56:26 CET 2025: Toggling Hypridle...
tor 20 feb 13:56:26 CET 2025: Hypridle is not running. Starting...
tor 20 feb 13:56:27 CET 2025: Hypridle started successfully.
tor 20 feb 13:56:27 CET 2025: Toggle script completed.
tor 27 feb 14:29:14 CET 2025: Toggling Hypridle...
tor 27 feb 14:29:14 CET 2025: Hypridle is running. Attempting to kill...
tor 27 feb 14:29:14 CET 2025: Hypridle killed successfully.
tor 27 feb 14:29:14 CET 2025: Toggle script completed.
lør  1 mar 23:53:02 CET 2025: Toggling Hypridle...
lør  1 mar 23:53:02 CET 2025: Hypridle is running. Attempting to kill...
lør  1 mar 23:53:02 CET 2025: Hypridle killed successfully.
lør  1 mar 23:53:02 CET 2025: Toggle script completed.
lør  1 mar 23:53:03 CET 2025: Toggling Hypridle...
lør  1 mar 23:53:03 CET 2025: Hypridle is not running. Starting...
lør  1 mar 23:53:04 CET 2025: Hypridle started successfully.
lør  1 mar 23:53:04 CET 2025: Toggle script completed.
lør  1 mar 23:53:05 CET 2025: Toggling Hypridle...
lør  1 mar 23:53:05 CET 2025: Hypridle is running. Attempting to kill...
lør  1 mar 23:53:05 CET 2025: Hypridle killed successfully.
lør  1 mar 23:53:05 CET 2025: Toggle script completed.
lør  1 mar 23:53:32 CET 2025: Toggling Hypridle...
lør  1 mar 23:53:32 CET 2025: Hypridle is not running. Starting...
lør  1 mar 23:53:33 CET 2025: Hypridle started successfully.
lør  1 mar 23:53:33 CET 2025: Toggle script completed.
man  3 mar 15:27:29 CET 2025: Toggling Hypridle...
man  3 mar 15:27:29 CET 2025: Hypridle is running. Attempting to kill...
man  3 mar 15:27:29 CET 2025: Hypridle killed successfully.
man  3 mar 15:27:29 CET 2025: Toggle script completed.
tir  4 mar 10:53:56 CET 2025: Toggling Hypridle...
tir  4 mar 10:53:56 CET 2025: Hypridle is running. Attempting to kill...
tir  4 mar 10:53:56 CET 2025: Hypridle killed successfully.
tir  4 mar 10:53:56 CET 2025: Toggle script completed.
tir  4 mar 12:00:56 CET 2025: Toggling Hypridle...
tir  4 mar 12:00:56 CET 2025: Hypridle is not running. Starting...
tir  4 mar 12:00:57 CET 2025: Hypridle started successfully.
tir  4 mar 12:00:57 CET 2025: Toggle script completed.
tir  4 mar 12:55:16 CET 2025: Toggling Hypridle...
tir  4 mar 12:55:16 CET 2025: Hypridle is running. Attempting to kill...
tir  4 mar 12:55:16 CET 2025: Hypridle killed successfully.
tir  4 mar 12:55:16 CET 2025: Toggle script completed.
tir  4 mar 15:52:23 CET 2025: Toggling Hypridle...
tir  4 mar 15:52:23 CET 2025: Hypridle is running. Attempting to kill...
tir  4 mar 15:52:24 CET 2025: Hypridle killed successfully.
tir  4 mar 15:52:24 CET 2025: Toggle script completed.
tir  4 mar 18:51:52 CET 2025: Toggling Hypridle...
tir  4 mar 18:51:52 CET 2025: Hypridle is running. Attempting to kill...
tir  4 mar 18:51:52 CET 2025: Hypridle killed successfully.
tir  4 mar 18:51:52 CET 2025: Toggle script completed.
tir  4 mar 19:31:18 CET 2025: Toggling Hypridle...
tir  4 mar 19:31:18 CET 2025: Hypridle is not running. Starting...
tir  4 mar 19:31:18 CET 2025: Hypridle started successfully.
tir  4 mar 19:31:18 CET 2025: Toggle script completed.
tir  4 mar 19:31:20 CET 2025: Toggling Hypridle...
tir  4 mar 19:31:20 CET 2025: Hypridle is running. Attempting to kill...
tir  4 mar 19:31:20 CET 2025: Hypridle killed successfully.
tir  4 mar 19:31:20 CET 2025: Toggle script completed.
tor 13 mar 12:27:34 CET 2025: Toggling Hypridle...
tor 13 mar 12:27:34 CET 2025: Hypridle is running. Attempting to kill...
tor 13 mar 12:27:34 CET 2025: Hypridle killed successfully.
tor 13 mar 12:27:34 CET 2025: Toggle script completed.
tor 13 mar 22:59:05 CET 2025: Toggling Hypridle...
tor 13 mar 22:59:05 CET 2025: Hypridle is not running. Starting...
tor 13 mar 22:59:05 CET 2025: Hypridle started successfully.
tor 13 mar 22:59:05 CET 2025: Toggle script completed.
man 17 mar 21:22:51 CET 2025: Toggling Hypridle...
man 17 mar 21:22:51 CET 2025: Hypridle is running. Attempting to kill...
man 17 mar 21:22:51 CET 2025: Hypridle killed successfully.
man 17 mar 21:22:51 CET 2025: Toggle script completed.
fre 21 mar 12:35:45 CET 2025: Toggling Hypridle...
fre 21 mar 12:35:45 CET 2025: Hypridle is running. Attempting to kill...
fre 21 mar 12:35:46 CET 2025: Hypridle killed successfully.
fre 21 mar 12:35:46 CET 2025: Toggle script completed.
fre 21 mar 18:34:37 CET 2025: Toggling Hypridle...
fre 21 mar 18:34:37 CET 2025: Hypridle is not running. Starting...
fre 21 mar 18:34:37 CET 2025: Hypridle started successfully.
fre 21 mar 18:34:37 CET 2025: Toggle script completed.
tir 25 mar 13:40:23 CET 2025: Toggling Hypridle...
tir 25 mar 13:40:23 CET 2025: Hypridle is running. Attempting to kill...
tir 25 mar 13:40:23 CET 2025: Hypridle killed successfully.
tir 25 mar 13:40:23 CET 2025: Toggle script completed.
tor 27 mar 11:42:13 CET 2025: Toggling Hypridle...
tor 27 mar 11:42:13 CET 2025: Hypridle is running. Attempting to kill...
tor 27 mar 11:42:13 CET 2025: Hypridle killed successfully.
tor 27 mar 11:42:13 CET 2025: Toggle script completed.
lør 29 mar 14:10:10 CET 2025: Toggling Hypridle...
lør 29 mar 14:10:10 CET 2025: Hypridle is running. Attempting to kill...
lør 29 mar 14:10:10 CET 2025: Hypridle killed successfully.
lør 29 mar 14:10:10 CET 2025: Toggle script completed.
lør 29 mar 15:27:53 CET 2025: Toggling Hypridle...
lør 29 mar 15:27:53 CET 2025: Hypridle is not running. Starting...
lør 29 mar 15:27:53 CET 2025: Hypridle started successfully.
lør 29 mar 15:27:53 CET 2025: Toggle script completed.
ons  2 apr 14:23:38 CEST 2025: Toggling Hypridle...
ons  2 apr 14:23:38 CEST 2025: Hypridle is running. Attempting to kill...
ons  2 apr 14:23:38 CEST 2025: Hypridle killed successfully.
ons  2 apr 14:23:38 CEST 2025: Toggle script completed.
ons  2 apr 15:57:03 CEST 2025: Toggling Hypridle...
ons  2 apr 15:57:03 CEST 2025: Hypridle is running. Attempting to kill...
ons  2 apr 15:57:03 CEST 2025: Hypridle killed successfully.
ons  2 apr 15:57:03 CEST 2025: Toggle script completed.
ons  2 apr 15:57:05 CEST 2025: Toggling Hypridle...
ons  2 apr 15:57:05 CEST 2025: Hypridle is not running. Starting...
ons  2 apr 15:57:06 CEST 2025: Hypridle started successfully.
ons  2 apr 15:57:06 CEST 2025: Toggle script completed.
tor  3 apr 13:56:20 CEST 2025: Toggling Hypridle...
tor  3 apr 13:56:20 CEST 2025: Hypridle is running. Attempting to kill...
tor  3 apr 13:56:20 CEST 2025: Hypridle killed successfully.
tor  3 apr 13:56:20 CEST 2025: Toggle script completed.
tor  3 apr 13:56:23 CEST 2025: Toggling Hypridle...
tor  3 apr 13:56:23 CEST 2025: Hypridle is not running. Starting...
tor  3 apr 13:56:23 CEST 2025: Hypridle started successfully.
tor  3 apr 13:56:23 CEST 2025: Toggle script completed.
tor  3 apr 22:24:46 CEST 2025: Toggling Hypridle...
tor  3 apr 22:24:46 CEST 2025: Hypridle is running. Attempting to kill...
tor  3 apr 22:24:46 CEST 2025: Hypridle killed successfully.
tor  3 apr 22:24:46 CEST 2025: Toggle script completed.
fre  4 apr 17:43:31 CEST 2025: Toggling Hypridle...
fre  4 apr 17:43:31 CEST 2025: Hypridle is not running. Starting...
fre  4 apr 17:43:32 CEST 2025: Hypridle started successfully.
fre  4 apr 17:43:32 CEST 2025: Toggle script completed.
fre 25 apr 16:53:24 CEST 2025: Toggling Hypridle...
fre 25 apr 16:53:24 CEST 2025: Hypridle is running. Attempting to kill...
fre 25 apr 16:53:24 CEST 2025: Hypridle killed successfully.
fre 25 apr 16:53:24 CEST 2025: Toggle script completed.
fre 25 apr 18:18:26 CEST 2025: Toggling Hypridle...
fre 25 apr 18:18:26 CEST 2025: Hypridle is not running. Starting...
fre 25 apr 18:18:26 CEST 2025: Hypridle started successfully.
fre 25 apr 18:18:26 CEST 2025: Toggle script completed.
tir 29 apr 11:53:21 CEST 2025: Toggling Hypridle...
tir 29 apr 11:53:21 CEST 2025: Hypridle is running. Attempting to kill...
tir 29 apr 11:53:21 CEST 2025: Hypridle killed successfully.
tir 29 apr 11:53:21 CEST 2025: Toggle script completed.
tir 29 apr 17:45:06 CEST 2025: Toggling Hypridle...
tir 29 apr 17:45:06 CEST 2025: Hypridle is not running. Starting...
tir 29 apr 17:45:07 CEST 2025: Hypridle started successfully.
tir 29 apr 17:45:07 CEST 2025: Toggle script completed.
tir  6 maj 12:38:47 CEST 2025: Toggling Hypridle...
tir  6 maj 12:38:47 CEST 2025: Hypridle is running. Attempting to kill...
tir  6 maj 12:38:47 CEST 2025: Hypridle killed successfully.
tir  6 maj 12:38:47 CEST 2025: Toggle script completed.
tir  6 maj 21:05:21 CEST 2025: Toggling Hypridle...
tir  6 maj 21:05:21 CEST 2025: Hypridle is not running. Starting...
tir  6 maj 21:05:21 CEST 2025: Hypridle started successfully.
tir  6 maj 21:05:21 CEST 2025: Toggle script completed.
ons  7 maj 12:19:24 CEST 2025: Toggling Hypridle...
ons  7 maj 12:19:24 CEST 2025: Hypridle is running. Attempting to kill...
ons  7 maj 12:19:24 CEST 2025: Hypridle killed successfully.
ons  7 maj 12:19:24 CEST 2025: Toggle script completed.
ons  7 maj 12:19:25 CEST 2025: Toggling Hypridle...
ons  7 maj 12:19:25 CEST 2025: Hypridle is not running. Starting...
ons  7 maj 12:19:26 CEST 2025: Hypridle started successfully.
ons  7 maj 12:19:26 CEST 2025: Toggle script completed.
ons  7 maj 21:30:56 CEST 2025: Toggling Hypridle...
ons  7 maj 21:30:56 CEST 2025: Hypridle is running. Attempting to kill...
ons  7 maj 21:30:56 CEST 2025: Hypridle killed successfully.
ons  7 maj 21:30:56 CEST 2025: Toggle script completed.
ons  7 maj 21:32:09 CEST 2025: Toggling Hypridle...
ons  7 maj 21:32:09 CEST 2025: Hypridle is not running. Starting...
ons  7 maj 21:32:09 CEST 2025: Hypridle started successfully.
ons  7 maj 21:32:09 CEST 2025: Toggle script completed.
tir 13 maj 11:13:00 CEST 2025: Toggling Hypridle...
tir 13 maj 11:13:00 CEST 2025: Hypridle is running. Attempting to kill...
tir 13 maj 11:13:00 CEST 2025: Hypridle killed successfully.
tir 13 maj 11:13:00 CEST 2025: Toggle script completed.
ons 14 maj 11:30:30 CEST 2025: Toggling Hypridle...
ons 14 maj 11:30:30 CEST 2025: Hypridle is not running. Starting...
ons 14 maj 11:30:31 CEST 2025: Hypridle started successfully.
ons 14 maj 11:30:31 CEST 2025: Toggle script completed.
ons 14 maj 12:04:55 CEST 2025: Toggling Hypridle...
ons 14 maj 12:04:55 CEST 2025: Hypridle is running. Attempting to kill...
ons 14 maj 12:04:55 CEST 2025: Hypridle killed successfully.
ons 14 maj 12:04:55 CEST 2025: Toggle script completed.
ons 14 maj 13:12:53 CEST 2025: Toggling Hypridle...
ons 14 maj 13:12:53 CEST 2025: Hypridle is not running. Starting...
ons 14 maj 13:12:53 CEST 2025: Hypridle started successfully.
ons 14 maj 13:12:53 CEST 2025: Toggle script completed.
ons 14 maj 14:48:53 CEST 2025: Toggling Hypridle...
ons 14 maj 14:48:53 CEST 2025: Hypridle is running. Attempting to kill...
ons 14 maj 14:48:53 CEST 2025: Hypridle killed successfully.
ons 14 maj 14:48:53 CEST 2025: Toggle script completed.
ons 14 maj 20:08:02 CEST 2025: Toggling Hypridle...
ons 14 maj 20:08:02 CEST 2025: Hypridle is not running. Starting...
ons 14 maj 20:08:03 CEST 2025: Hypridle started successfully.
ons 14 maj 20:08:03 CEST 2025: Toggle script completed.
tir 20 maj 22:16:35 CEST 2025: Toggling Hypridle...
tir 20 maj 22:16:35 CEST 2025: Hypridle is running. Attempting to kill...
tir 20 maj 22:16:35 CEST 2025: Hypridle killed successfully.
tir 20 maj 22:16:35 CEST 2025: Toggle script completed.
tir 20 maj 22:25:24 CEST 2025: Toggling Hypridle...
tir 20 maj 22:25:24 CEST 2025: Hypridle is not running. Starting...
tir 20 maj 22:25:25 CEST 2025: Hypridle started successfully.
tir 20 maj 22:25:25 CEST 2025: Toggle script completed.
ons 21 maj 10:08:12 CEST 2025: Toggling Hypridle...
ons 21 maj 10:08:12 CEST 2025: Hypridle is running. Attempting to kill...
ons 21 maj 10:08:12 CEST 2025: Hypridle killed successfully.
ons 21 maj 10:08:12 CEST 2025: Toggle script completed.
ons 21 maj 10:26:04 CEST 2025: Toggling Hypridle...
ons 21 maj 10:26:04 CEST 2025: Hypridle is not running. Starting...
ons 21 maj 10:26:04 CEST 2025: Hypridle started successfully.
ons 21 maj 10:26:04 CEST 2025: Toggle script completed.
ons 21 maj 11:17:28 CEST 2025: Toggling Hypridle...
ons 21 maj 11:17:28 CEST 2025: Hypridle is running. Attempting to kill...
ons 21 maj 11:17:28 CEST 2025: Hypridle killed successfully.
ons 21 maj 11:17:28 CEST 2025: Toggle script completed.
ons 21 maj 13:28:20 CEST 2025: Toggling Hypridle...
ons 21 maj 13:28:20 CEST 2025: Hypridle is not running. Starting...
ons 21 maj 13:28:21 CEST 2025: Hypridle started successfully.
ons 21 maj 13:28:21 CEST 2025: Toggle script completed.
søn 25 maj 18:28:53 CEST 2025: Toggling Hypridle...
søn 25 maj 18:28:53 CEST 2025: Hypridle is running. Attempting to kill...
søn 25 maj 18:28:53 CEST 2025: Hypridle killed successfully.
søn 25 maj 18:28:53 CEST 2025: Toggle script completed.
søn 25 maj 18:28:55 CEST 2025: Toggling Hypridle...
søn 25 maj 18:28:56 CEST 2025: Hypridle is not running. Starting...
søn 25 maj 18:28:56 CEST 2025: Hypridle started successfully.
søn 25 maj 18:28:56 CEST 2025: Toggle script completed.
tir  3 jun 12:50:53 CEST 2025: Toggling Hypridle...
tir  3 jun 12:50:53 CEST 2025: Hypridle is running. Attempting to kill...
tir  3 jun 12:50:53 CEST 2025: Hypridle killed successfully.
tir  3 jun 12:50:53 CEST 2025: Toggle script completed.
tir  3 jun 12:50:55 CEST 2025: Toggling Hypridle...
tir  3 jun 12:50:55 CEST 2025: Hypridle is not running. Starting...
tir  3 jun 12:50:56 CEST 2025: Hypridle started successfully.
tir  3 jun 12:50:56 CEST 2025: Toggle script completed.
tor  5 jun 10:39:47 CEST 2025: Toggling Hypridle...
tor  5 jun 10:39:47 CEST 2025: Hypridle is running. Attempting to kill...
tor  5 jun 10:39:47 CEST 2025: Hypridle killed successfully.
tor  5 jun 10:39:47 CEST 2025: Toggle script completed.
ons 11 jun 13:03:55 CEST 2025: Toggling Hypridle...
ons 11 jun 13:03:55 CEST 2025: Hypridle is running. Attempting to kill...
ons 11 jun 13:03:55 CEST 2025: Hypridle killed successfully.
ons 11 jun 13:03:55 CEST 2025: Toggle script completed.
ons 11 jun 14:19:44 CEST 2025: Toggling Hypridle...
ons 11 jun 14:19:44 CEST 2025: Hypridle is not running. Starting...
ons 11 jun 14:19:45 CEST 2025: Hypridle started successfully.
ons 11 jun 14:19:45 CEST 2025: Toggle script completed.
søn 15 jun 12:05:07 CEST 2025: Toggling Hypridle...
søn 15 jun 12:05:07 CEST 2025: Hypridle is running. Attempting to kill...
søn 15 jun 12:05:07 CEST 2025: Hypridle killed successfully.
søn 15 jun 12:05:07 CEST 2025: Toggle script completed.
søn 15 jun 14:57:57 CEST 2025: Toggling Hypridle...
søn 15 jun 14:57:57 CEST 2025: Hypridle is not running. Starting...
søn 15 jun 14:57:58 CEST 2025: Hypridle started successfully.
søn 15 jun 14:57:58 CEST 2025: Toggle script completed.
ons 18 jun 08:29:04 CEST 2025: Toggling Hypridle...
ons 18 jun 08:29:04 CEST 2025: Hypridle is running. Attempting to kill...
ons 18 jun 08:29:04 CEST 2025: Hypridle killed successfully.
ons 18 jun 08:29:04 CEST 2025: Toggle script completed.
ons 18 jun 10:42:33 CEST 2025: Toggling Hypridle...
ons 18 jun 10:42:33 CEST 2025: Hypridle is not running. Starting...
ons 18 jun 10:42:33 CEST 2025: Hypridle started successfully.
ons 18 jun 10:42:33 CEST 2025: Toggle script completed.
ons 18 jun 12:18:50 CEST 2025: Toggling Hypridle...
ons 18 jun 12:18:50 CEST 2025: Hypridle is running. Attempting to kill...
ons 18 jun 12:18:50 CEST 2025: Hypridle killed successfully.
ons 18 jun 12:18:50 CEST 2025: Toggle script completed.
ons 18 jun 21:34:40 CEST 2025: Toggling Hypridle...
ons 18 jun 21:34:40 CEST 2025: Hypridle is not running. Starting...
ons 18 jun 21:34:41 CEST 2025: Hypridle started successfully.
ons 18 jun 21:34:41 CEST 2025: Toggle script completed.
søn 22 jun 13:48:18 CEST 2025: Toggling Hypridle...
søn 22 jun 13:48:18 CEST 2025: Hypridle is running. Attempting to kill...
søn 22 jun 13:48:18 CEST 2025: Hypridle killed successfully.
søn 22 jun 13:48:18 CEST 2025: Toggle script completed.
søn 22 jun 21:09:49 CEST 2025: Toggling Hypridle...
søn 22 jun 21:09:49 CEST 2025: Hypridle is not running. Starting...
søn 22 jun 21:09:49 CEST 2025: Hypridle started successfully.
søn 22 jun 21:09:49 CEST 2025: Toggle script completed.
man 14 jul 21:29:49 CEST 2025: Toggling Hypridle...
man 14 jul 21:29:49 CEST 2025: Hypridle is running. Attempting to kill...
man 14 jul 21:29:49 CEST 2025: Hypridle killed successfully.
man 14 jul 21:29:49 CEST 2025: Toggle script completed.
man 14 jul 21:49:05 CEST 2025: Toggling Hypridle...
man 14 jul 21:49:05 CEST 2025: Hypridle is not running. Starting...
man 14 jul 21:49:05 CEST 2025: Hypridle started successfully.
man 14 jul 21:49:05 CEST 2025: Toggle script completed.
tir 15 jul 11:18:53 CEST 2025: Toggling Hypridle...
tir 15 jul 11:18:53 CEST 2025: Hypridle is running. Attempting to kill...
tir 15 jul 11:18:53 CEST 2025: Hypridle killed successfully.
tir 15 jul 11:18:53 CEST 2025: Toggle script completed.
tir 15 jul 12:21:09 CEST 2025: Toggling Hypridle...
tir 15 jul 12:21:10 CEST 2025: Hypridle is not running. Starting...
tir 15 jul 12:21:10 CEST 2025: Hypridle started successfully.
tir 15 jul 12:21:10 CEST 2025: Toggle script completed.
man 21 jul 11:28:57 CEST 2025: Toggling Hypridle...
man 21 jul 11:28:57 CEST 2025: Hypridle is running. Attempting to kill...
man 21 jul 11:28:57 CEST 2025: Hypridle killed successfully.
man 21 jul 11:28:57 CEST 2025: Toggle script completed.
man 21 jul 18:55:42 CEST 2025: Toggling Hypridle...
man 21 jul 18:55:42 CEST 2025: Hypridle is not running. Starting...
man 21 jul 18:55:42 CEST 2025: Hypridle started successfully.
man 21 jul 18:55:42 CEST 2025: Toggle script completed.
tir 29 jul 18:11:50 CEST 2025: Toggling Hypridle...
tir 29 jul 18:11:50 CEST 2025: Hypridle is running. Attempting to kill...
tir 29 jul 18:11:50 CEST 2025: Hypridle killed successfully.
tir 29 jul 18:11:50 CEST 2025: Toggle script completed.
tir 26 aug 14:44:02 CEST 2025: Toggling Hypridle...
tir 26 aug 14:44:02 CEST 2025: Hypridle is running. Attempting to kill...
tir 26 aug 14:44:02 CEST 2025: Hypridle killed successfully.
tir 26 aug 14:44:02 CEST 2025: Toggle script completed.
tir 26 aug 16:33:20 CEST 2025: Toggling Hypridle...
tir 26 aug 16:33:20 CEST 2025: Hypridle is not running. Starting...
tir 26 aug 16:33:20 CEST 2025: Hypridle started successfully.
tir 26 aug 16:33:20 CEST 2025: Toggle script completed.
tir 26 aug 17:33:31 CEST 2025: Toggling Hypridle...
tir 26 aug 17:33:31 CEST 2025: Hypridle is running. Attempting to kill...
tir 26 aug 17:33:31 CEST 2025: Hypridle killed successfully.
tir 26 aug 17:33:31 CEST 2025: Toggle script completed.
tir 26 aug 22:45:58 CEST 2025: Toggling Hypridle...
tir 26 aug 22:45:58 CEST 2025: Hypridle is not running. Starting...
tir 26 aug 22:45:59 CEST 2025: Hypridle started successfully.
tir 26 aug 22:45:59 CEST 2025: Toggle script completed.
lør 30 aug 15:04:35 CEST 2025: Toggling Hypridle...
lør 30 aug 15:04:35 CEST 2025: Hypridle is running. Attempting to kill...
lør 30 aug 15:04:35 CEST 2025: Hypridle killed successfully.
lør 30 aug 15:04:35 CEST 2025: Toggle script completed.
lør 30 aug 15:18:14 CEST 2025: Toggling Hypridle...
lør 30 aug 15:18:14 CEST 2025: Hypridle is not running. Starting...
lør 30 aug 15:18:14 CEST 2025: Toggling Hypridle...
lør 30 aug 15:18:14 CEST 2025: Hypridle is running. Attempting to kill...
lør 30 aug 15:18:14 CEST 2025: Hypridle killed successfully.
lør 30 aug 15:18:14 CEST 2025: Toggle script completed.
lør 30 aug 15:18:14 CEST 2025: Failed to start Hypridle.
lør 30 aug 15:18:14 CEST 2025: Toggle script completed.
lør 30 aug 15:18:17 CEST 2025: Toggling Hypridle...
lør 30 aug 15:18:17 CEST 2025: Hypridle is not running. Starting...
lør 30 aug 15:18:17 CEST 2025: Hypridle started successfully.
lør 30 aug 15:18:17 CEST 2025: Toggle script completed.
man  1 sep 08:57:34 CEST 2025: Toggling Hypridle...
man  1 sep 08:57:34 CEST 2025: Hypridle is running. Attempting to kill...
man  1 sep 08:57:34 CEST 2025: Hypridle killed successfully.
man  1 sep 08:57:34 CEST 2025: Toggle script completed.
man  1 sep 09:20:39 CEST 2025: Toggling Hypridle...
man  1 sep 09:20:39 CEST 2025: Hypridle is not running. Starting...
man  1 sep 09:20:40 CEST 2025: Hypridle started successfully.
man  1 sep 09:20:40 CEST 2025: Toggle script completed.
ons 24 sep 15:15:05 CEST 2025: Toggling Hypridle...
ons 24 sep 15:15:05 CEST 2025: Hypridle is running. Attempting to kill...
ons 24 sep 15:15:05 CEST 2025: Hypridle killed successfully.
ons 24 sep 15:15:05 CEST 2025: Toggle script completed.
ons 24 sep 16:19:11 CEST 2025: Toggling Hypridle...
ons 24 sep 16:19:11 CEST 2025: Hypridle is not running. Starting...
ons 24 sep 16:19:11 CEST 2025: Hypridle started successfully.
ons 24 sep 16:19:11 CEST 2025: Toggle script completed.
tor  2 okt 20:38:16 CEST 2025: Toggling Hypridle...
tor  2 okt 20:38:16 CEST 2025: Hypridle is running. Attempting to kill...
tor  2 okt 20:38:16 CEST 2025: Hypridle killed successfully.
tor  2 okt 20:38:16 CEST 2025: Toggle script completed.
fre  3 okt 07:55:31 CEST 2025: Toggling Hypridle...
fre  3 okt 07:55:31 CEST 2025: Hypridle is not running. Starting...
fre  3 okt 07:55:32 CEST 2025: Hypridle started successfully.
fre  3 okt 07:55:32 CEST 2025: Toggle script completed.
fre  3 okt 10:43:44 CEST 2025: Toggling Hypridle...
fre  3 okt 10:43:44 CEST 2025: Hypridle is running. Attempting to kill...
fre  3 okt 10:43:44 CEST 2025: Hypridle killed successfully.
fre  3 okt 10:43:44 CEST 2025: Toggle script completed.
fre  3 okt 11:52:10 CEST 2025: Toggling Hypridle...
fre  3 okt 11:52:10 CEST 2025: Hypridle is not running. Starting...
fre  3 okt 11:52:11 CEST 2025: Hypridle started successfully.
fre  3 okt 11:52:11 CEST 2025: Toggle script completed.
fre  3 okt 13:31:28 CEST 2025: Toggling Hypridle...
fre  3 okt 13:31:28 CEST 2025: Hypridle is running. Attempting to kill...
fre  3 okt 13:31:29 CEST 2025: Hypridle killed successfully.
fre  3 okt 13:31:29 CEST 2025: Toggle script completed.
man  6 okt 00:42:50 CEST 2025: Toggling Hypridle...
man  6 okt 00:42:50 CEST 2025: Hypridle is not running. Starting...
man  6 okt 00:42:50 CEST 2025: Hypridle started successfully.
man  6 okt 00:42:50 CEST 2025: Toggle script completed.
tor 23 okt 19:52:58 CEST 2025: Toggling Hypridle...
tor 23 okt 19:52:58 CEST 2025: Hypridle is running. Attempting to kill...
tor 23 okt 19:52:58 CEST 2025: Hypridle killed successfully.
tor 23 okt 19:52:58 CEST 2025: Toggle script completed.
fre 24 okt 16:04:03 CEST 2025: Toggling Hypridle...
fre 24 okt 16:04:04 CEST 2025: Hypridle is not running. Starting...
fre 24 okt 16:04:04 CEST 2025: Hypridle started successfully.
fre 24 okt 16:04:04 CEST 2025: Toggle script completed.
man  1 dec 15:23:06 CET 2025: Toggling Hypridle...
man  1 dec 15:23:06 CET 2025: Hypridle is running. Attempting to kill...
man  1 dec 15:23:06 CET 2025: Hypridle killed successfully.
man  1 dec 15:23:06 CET 2025: Toggle script completed.
tir  2 dec 01:24:39 CET 2025: Toggling Hypridle...
tir  2 dec 01:24:39 CET 2025: Hypridle is not running. Starting...
tir  2 dec 01:24:39 CET 2025: Hypridle started successfully.
tir  2 dec 01:24:39 CET 2025: Toggle script completed.
man  8 dec 15:23:10 CET 2025: Toggling Hypridle...
man  8 dec 15:23:10 CET 2025: Hypridle is running. Attempting to kill...
man  8 dec 15:23:10 CET 2025: Hypridle killed successfully.
man  8 dec 15:23:10 CET 2025: Toggle script completed.
man  8 dec 17:32:16 CET 2025: Toggling Hypridle...
man  8 dec 17:32:16 CET 2025: Hypridle is not running. Starting...
man  8 dec 17:32:16 CET 2025: Hypridle started successfully.
man  8 dec 17:32:16 CET 2025: Toggle script completed.
tor 11 dec 21:52:17 CET 2025: Toggling Hypridle...
tor 11 dec 21:52:17 CET 2025: Hypridle is running. Attempting to kill...
tor 11 dec 21:52:17 CET 2025: Hypridle killed successfully.
tor 11 dec 21:52:17 CET 2025: Toggle script completed.
søn 14 dec 18:24:28 CET 2025: Toggling Hypridle...
søn 14 dec 18:24:28 CET 2025: Hypridle is not running. Starting...
søn 14 dec 18:24:29 CET 2025: Hypridle started successfully.
søn 14 dec 18:24:29 CET 2025: Toggle script completed.
man 15 dec 13:39:10 CET 2025: Toggling Hypridle...
man 15 dec 13:39:10 CET 2025: Hypridle is running. Attempting to kill...
man 15 dec 13:39:10 CET 2025: Hypridle killed successfully.
man 15 dec 13:39:10 CET 2025: Toggle script completed.
man 15 dec 15:12:29 CET 2025: Toggling Hypridle...
man 15 dec 15:12:29 CET 2025: Hypridle is not running. Starting...
man 15 dec 15:12:29 CET 2025: Hypridle started successfully.
man 15 dec 15:12:29 CET 2025: Toggle script completed.
ons 17 dec 16:17:47 CET 2025: Toggling Hypridle...
ons 17 dec 16:17:47 CET 2025: Hypridle is running. Attempting to kill...
ons 17 dec 16:17:47 CET 2025: Hypridle killed successfully.
ons 17 dec 16:17:47 CET 2025: Toggle script completed.
ons 17 dec 17:20:08 CET 2025: Toggling Hypridle...
ons 17 dec 17:20:08 CET 2025: Hypridle is not running. Starting...
ons 17 dec 17:20:09 CET 2025: Hypridle started successfully.
ons 17 dec 17:20:09 CET 2025: Toggle script completed.
tir 23 dec 16:46:48 CET 2025: Toggling Hypridle...
tir 23 dec 16:46:48 CET 2025: Hypridle is running. Attempting to kill...
tir 23 dec 16:46:48 CET 2025: Hypridle killed successfully.
tir 23 dec 16:46:48 CET 2025: Toggle script completed.
fre 26 dec 20:42:10 CET 2025: Toggling Hypridle...
fre 26 dec 20:42:10 CET 2025: Hypridle is not running. Starting...
fre 26 dec 20:42:11 CET 2025: Hypridle started successfully.
fre 26 dec 20:42:11 CET 2025: Toggle script completed.
man  5 jan 21:30:59 CET 2026: Toggling Hypridle...
man  5 jan 21:30:59 CET 2026: Hypridle is running. Attempting to kill...
man  5 jan 21:30:59 CET 2026: Hypridle killed successfully.
man  5 jan 21:30:59 CET 2026: Toggle script completed.
man  5 jan 23:45:26 CET 2026: Toggling Hypridle...
man  5 jan 23:45:26 CET 2026: Hypridle is not running. Starting...
man  5 jan 23:45:27 CET 2026: Hypridle started successfully.
man  5 jan 23:45:27 CET 2026: Toggle script completed.
ons  7 jan 23:32:15 CET 2026: Toggling Hypridle...
ons  7 jan 23:32:15 CET 2026: Hypridle is running. Attempting to kill...
ons  7 jan 23:32:15 CET 2026: Hypridle killed successfully.
ons  7 jan 23:32:15 CET 2026: Toggle script completed.
tor  8 jan 09:03:58 CET 2026: Toggling Hypridle...
tor  8 jan 09:03:58 CET 2026: Hypridle is not running. Starting...
tor  8 jan 09:03:59 CET 2026: Hypridle started successfully.
tor  8 jan 09:03:59 CET 2026: Toggle script completed.
tor  8 jan 18:29:38 CET 2026: Toggling Hypridle...
tor  8 jan 18:29:38 CET 2026: Hypridle is running. Attempting to kill...
tor  8 jan 18:29:38 CET 2026: Hypridle killed successfully.
tor  8 jan 18:29:38 CET 2026: Toggle script completed.
tor  8 jan 20:28:13 CET 2026: Toggling Hypridle...
tor  8 jan 20:28:13 CET 2026: Hypridle is not running. Starting...
tor  8 jan 20:28:14 CET 2026: Hypridle started successfully.
tor  8 jan 20:28:14 CET 2026: Toggle script completed.
fre  9 jan 21:56:57 CET 2026: Toggling Hypridle...
fre  9 jan 21:56:57 CET 2026: Hypridle is running. Attempting to kill...
fre  9 jan 21:56:57 CET 2026: Hypridle killed successfully.
fre  9 jan 21:56:57 CET 2026: Toggle script completed.
søn 11 jan 09:37:34 CET 2026: Toggling Hypridle...
søn 11 jan 09:37:34 CET 2026: Hypridle is not running. Starting...
søn 11 jan 09:37:35 CET 2026: Hypridle started successfully.
søn 11 jan 09:37:35 CET 2026: Toggle script completed.
man 19 jan 13:42:11 CET 2026: Toggling Hypridle...
man 19 jan 13:42:11 CET 2026: Hypridle is running. Attempting to kill...
man 19 jan 13:42:11 CET 2026: Hypridle killed successfully.
man 19 jan 13:42:11 CET 2026: Toggle script completed.
man 19 jan 14:36:51 CET 2026: Toggling Hypridle...
man 19 jan 14:36:51 CET 2026: Hypridle is not running. Starting...
man 19 jan 14:36:52 CET 2026: Hypridle started successfully.
man 19 jan 14:36:52 CET 2026: Toggle script completed.
man 19 jan 15:44:20 CET 2026: Toggling Hypridle...
man 19 jan 15:44:20 CET 2026: Hypridle is running. Attempting to kill...
man 19 jan 15:44:20 CET 2026: Hypridle killed successfully.
man 19 jan 15:44:20 CET 2026: Toggle script completed.
man 19 jan 16:48:17 CET 2026: Toggling Hypridle...
man 19 jan 16:48:17 CET 2026: Hypridle is not running. Starting...
man 19 jan 16:48:17 CET 2026: Hypridle started successfully.
man 19 jan 16:48:17 CET 2026: Toggle script completed.
fre  6 feb 13:36:20 CET 2026: Toggling Hypridle...
fre  6 feb 13:36:20 CET 2026: Hypridle is running. Attempting to kill...
fre  6 feb 13:36:20 CET 2026: Hypridle killed successfully.
fre  6 feb 13:36:20 CET 2026: Toggle script completed.
fre 13 feb 11:41:10 CET 2026: Toggling Hypridle...
fre 13 feb 11:41:10 CET 2026: Hypridle is running. Attempting to kill...
fre 13 feb 11:41:10 CET 2026: Hypridle killed successfully.
fre 13 feb 11:41:10 CET 2026: Toggle script completed.
fre 13 feb 11:47:43 CET 2026: Toggling Hypridle...
fre 13 feb 11:47:43 CET 2026: Hypridle is not running. Starting...
fre 13 feb 11:47:44 CET 2026: Hypridle started successfully.
fre 13 feb 11:47:44 CET 2026: Toggle script completed.
